<?xml version="1.0" encoding="UTF-8"?>
<testng-results ignored="0" total="1" passed="1" failed="0" skipped="0">
  <reporter-output>
  </reporter-output>
  <suite started-at="2025-03-08T14:55:43 IST" name="Surefire suite" finished-at="2025-03-08T14:55:55 IST" duration-ms="12363">
    <groups>
      <group name="cucumber">
        <method signature="AbstractTestNGCucumberTests.runScenario(io.cucumber.testng.PickleWrapper,io.cucumber.testng.FeatureWrapper)[pri:0, instance:Runner.AuthenticationrunnerTestCase@32b260fa]" name="runScenario" class="io.cucumber.testng.AbstractTestNGCucumberTests"/>
      </group> <!-- cucumber -->
    </groups>
    <test started-at="2025-03-08T14:55:43 IST" name="Surefire test" finished-at="2025-03-08T14:55:55 IST" duration-ms="12363">
      <class name="Runner.AuthenticationrunnerTestCase">
        <test-method is-config="true" signature="setUpClass(org.testng.ITestContext)[pri:0, instance:Runner.AuthenticationrunnerTestCase@32b260fa]" started-at="2025-03-08T14:55:43 IST" name="setUpClass" finished-at="2025-03-08T14:55:43 IST" duration-ms="639" status="PASS">
          <params>
            <param index="0">
              <value>
                <![CDATA[org.testng.TestRunner@31ee2fdb]]>
              </value>
            </param>
          </params>
          <reporter-output>
          </reporter-output>
        </test-method> <!-- setUpClass -->
        <test-method signature="runScenario(io.cucumber.testng.PickleWrapper,io.cucumber.testng.FeatureWrapper)[pri:0, instance:Runner.AuthenticationrunnerTestCase@32b260fa]" started-at="2025-03-08T14:55:43 IST" name="runScenario" description="Runs Cucumber Scenarios" data-provider="scenarios" finished-at="2025-03-08T14:55:55 IST" duration-ms="11563" status="PASS">
          <params>
            <param index="0">
              <value>
                <![CDATA["Create a new Rediff account from the Sign-In page"]]>
              </value>
            </param>
            <param index="1">
              <value>
                <![CDATA["Rediff Account Creation"]]>
              </value>
            </param>
          </params>
          <reporter-output>
          </reporter-output>
        </test-method> <!-- runScenario -->
        <test-method is-config="true" signature="tearDownClass()[pri:0, instance:Runner.AuthenticationrunnerTestCase@32b260fa]" started-at="2025-03-08T14:55:55 IST" name="tearDownClass" finished-at="2025-03-08T14:55:55 IST" duration-ms="116" status="PASS">
          <reporter-output>
          </reporter-output>
        </test-method> <!-- tearDownClass -->
      </class> <!-- Runner.AuthenticationrunnerTestCase -->
    </test> <!-- Surefire test -->
  </suite> <!-- Surefire suite -->
</testng-results>
